<?xml version="1.0" encoding="UTF-8"?>
<!-- Generated by org.testng.reporters.JUnitReportReporter -->
<testsuite hostname="Sadeklaptop" name="com.demoaut.newtours.TestScripts.FlightLookup" tests="1" failures="0" timestamp="31 Aug 2016 16:26:22 GMT" time="7.935" errors="0">
  <testcase name="searchFlight" time="7.935" classname="com.demoaut.newtours.TestScripts.FlightLookup"/>
</testsuite> <!-- com.demoaut.newtours.TestScripts.FlightLookup -->
