<?xml version="1.0" encoding="UTF-8"?>
<!-- Generated by org.testng.reporters.JUnitReportReporter -->
<testsuite hostname="Sadeklaptop" name="com.demoaut.newtours.TestScripts.FlightBooking" tests="1" failures="0" timestamp="31 Aug 2016 18:25:09 GMT" time="9.924" errors="0">
  <testcase name="bookTicket" time="9.924" classname="com.demoaut.newtours.TestScripts.FlightBooking"/>
</testsuite> <!-- com.demoaut.newtours.TestScripts.FlightBooking -->
