<?xml version="1.0" encoding="UTF-8"?>
<!-- Generated by org.testng.reporters.JUnitReportReporter -->
<testsuite hostname="Sadeklaptop" name="com.demoaut.newtours.TestScripts.validCredentialsTest" tests="1" failures="0" timestamp="31 Aug 2016 04:42:48 GMT" time="4.020" errors="0">
  <testcase name="validLogin" time="4.020" classname="com.demoaut.newtours.TestScripts.validCredentialsTest"/>
</testsuite> <!-- com.demoaut.newtours.TestScripts.validCredentialsTest -->
