<?xml version="1.0" encoding="UTF-8"?>
<!-- Generated by org.testng.reporters.JUnitReportReporter -->
<testsuite hostname="Sadeklaptop" name="com.demoaut.newtours.TestScripts.FlightSelection" tests="1" failures="0" timestamp="31 Aug 2016 16:27:28 GMT" time="8.316" errors="0">
  <testcase name="pickFlight" time="8.316" classname="com.demoaut.newtours.TestScripts.FlightSelection"/>
</testsuite> <!-- com.demoaut.newtours.TestScripts.FlightSelection -->
